-------------------------------------------------------------------------------
Test set: euromillions.DipTest
-------------------------------------------------------------------------------
Tests run: 2, Failures: 1, Errors: 0, Skipped: 0, Time elapsed: 0.031 sec <<< FAILURE! - in euromillions.DipTest
euromillions.DipTest.testFormat()  Time elapsed: 0.001 sec  <<< FAILURE!
java.lang.NullPointerException: Cannot invoke "euromillions.Dip.format()" because "this.instance" is null
	at euromillions.DipTest.testFormat(DipTest.java:61)

