<?xml version="1.0" encoding="UTF-8"?>
<testsuite xmlns:xsi="http://www.w3.org/2001/XMLSchema-instance" xsi:schemaLocation="https://maven.apache.org/surefire/maven-surefire-plugin/xsd/surefire-test-report.xsd" name="sets.SetOfNaturalsTest" time="0.307" tests="3" errors="0" skipped="0" failures="3">
  <properties>
[...]
</properties>
  <testcase name="sets.SetOfNaturalsTest.testAddElement" classname="sets.SetOfNaturalsTest" time="0">
    <failure message="Cannot invoke &quot;sets.SetOfNaturals.add(int)&quot; because &quot;this.setA&quot; is null" type="java.lang.NullPointerException">java.lang.NullPointerException: Cannot invoke "sets.SetOfNaturals.add(int)" because "this.setA" is null
	at sets.SetOfNaturalsTest.testAddElement(SetOfNaturalsTest.java:40)
</failure>
  </testcase>
  <testcase name="sets.SetOfNaturalsTest.testAddBadArray" classname="sets.SetOfNaturalsTest" time="0.307">
    <failure message="Locale provider adapter &quot;CLDR&quot;cannot be instantiated." type="java.util.ServiceConfigurationError"><![CDATA[java.util.ServiceConfigurationError: Locale provider adapter "CLDR"cannot be instantiated.
	at java.base/sun.util.locale.provider.LocaleProviderAdapter.forType(LocaleProviderAdapter.java:199)
	at java.base/sun.util.locale.provider.LocaleProviderAdapter.findAdapter(LocaleProviderAdapter.java:287)
	at java.base/sun.util.locale.provider.LocaleProviderAdapter.getAdapter(LocaleProviderAdapter.java:258)
	at java.base/java.text.DecimalFormatSymbols.getInstance(DecimalFormatSymbols.java:180)
	at java.base/java.util.Formatter.getZero(Formatter.java:2437)
	at java.base/java.util.Formatter.<init>(Formatter.java:1956)
	at java.base/java.util.Formatter.<init>(Formatter.java:1978)
	at java.base/java.lang.String.format(String.java:3292)
	at org.junit.jupiter.api.AssertionUtils.formatValues(AssertionUtils.java:122)
	at org.junit.jupiter.api.AssertionUtils.format(AssertionUtils.java:112)
	at org.junit.jupiter.api.AssertThrows.assertThrows(AssertThrows.java:64)
	at org.junit.jupiter.api.AssertThrows.assertThrows(AssertThrows.java:37)
	at org.junit.jupiter.api.Assertions.assertThrows(Assertions.java:2952)
	at sets.SetOfNaturalsTest.testAddBadArray(SetOfNaturalsTest.java:54)
Caused by: java.lang.reflect.InvocationTargetException
	at java.base/jdk.internal.reflect.NativeConstructorAccessorImpl.newInstance0(Native Method)
	at java.base/jdk.internal.reflect.NativeConstructorAccessorImpl.newInstance(NativeConstructorAccessorImpl.java:64)
	at java.base/jdk.internal.reflect.DelegatingConstructorAccessorImpl.newInstance(DelegatingConstructorAccessorImpl.java:45)
	at java.base/java.lang.reflect.Constructor.newInstanceWithCaller(Constructor.java:500)
	at java.base/java.lang.reflect.Constructor.newInstance(Constructor.java:481)
	at java.base/sun.util.locale.provider.LocaleProviderAdapter.forType(LocaleProviderAdapter.java:188)
	... 25 more
Caused by: java.util.ServiceConfigurationError: sun.util.locale.provider.LocaleDataMetaInfo: Unable to load sun.util.resources.cldr.provider.CLDRLocaleDataMetaInfo
	at java.base/java.util.ServiceLoader.fail(ServiceLoader.java:584)
	at java.base/java.util.ServiceLoader.loadProvider(ServiceLoader.java:856)
	at java.base/java.util.ServiceLoader$ModuleServicesLookupIterator.hasNext(ServiceLoader.java:1078)
	at java.base/java.util.ServiceLoader$2.hasNext(ServiceLoader.java:1301)
	at java.base/java.util.ServiceLoader$3.hasNext(ServiceLoader.java:1386)
	at java.base/sun.util.cldr.CLDRLocaleProviderAdapter$1.run(CLDRLocaleProviderAdapter.java:89)
	at java.base/sun.util.cldr.CLDRLocaleProviderAdapter$1.run(CLDRLocaleProviderAdapter.java:86)
	at java.base/java.security.AccessController.doPrivileged(AccessController.java:554)
	at java.base/sun.util.cldr.CLDRLocaleProviderAdapter.<init>(CLDRLocaleProviderAdapter.java:86)
	... 31 more
Caused by: java.lang.LinkageError: loader 'platform' attempted duplicate class definition for sun.util.resources.cldr.provider.CLDRLocaleDataMetaInfo. (sun.util.resources.cldr.provider.CLDRLocaleDataMetaInfo is in module jdk.localedata of loader 'platform')
	at java.base/java.lang.ClassLoader.defineClass2(Native Method)
	at java.base/java.lang.ClassLoader.defineClass(ClassLoader.java:1108)
	at java.base/java.security.SecureClassLoader.defineClass(SecureClassLoader.java:183)
	at java.base/jdk.internal.loader.BuiltinClassLoader.defineClass(BuiltinClassLoader.java:784)
	at java.base/jdk.internal.loader.BuiltinClassLoader.findClassInModuleOrNull(BuiltinClassLoader.java:705)
	at java.base/jdk.internal.loader.BuiltinClassLoader.findClass(BuiltinClassLoader.java:586)
	at java.base/java.lang.ClassLoader.loadClass(ClassLoader.java:634)
	at java.base/java.lang.Class.forName(Class.java:546)
	at java.base/java.util.ServiceLoader.loadProvider(ServiceLoader.java:854)
	... 38 more
]]></failure>
    <system-err><![CDATA[java.lang.instrument.IllegalClassFormatException: Error while instrumenting sun/util/resources/cldr/provider/CLDRLocaleDataMetaInfo.
	at org.jacoco.agent.rt.internal_035b120.CoverageTransformer.transform(CoverageTransformer.java:93)
	at java.instrument/java.lang.instrument.ClassFileTransformer.transform(ClassFileTransformer.java:246)
	at java.instrument/sun.instrument.TransformerManager.transform(TransformerManager.java:188)
	at java.instrument/sun.instrument.InstrumentationImpl.transform(InstrumentationImpl.java:563)
	at java.base/java.lang.ClassLoader.defineClass2(Native Method)
	at java.base/java.lang.ClassLoader.defineClass(ClassLoader.java:1108)
	at java.base/java.security.SecureClassLoader.defineClass(SecureClassLoader.java:183)
	at java.base/jdk.internal.loader.BuiltinClassLoader.defineClass(BuiltinClassLoader.java:784)
	at java.base/jdk.internal.loader.BuiltinClassLoader.findClassInModuleOrNull(BuiltinClassLoader.java:705)
	at java.base/jdk.internal.loader.BuiltinClassLoader.findClass(BuiltinClassLoader.java:586)
	at java.base/java.lang.ClassLoader.loadClass(ClassLoader.java:634)
	at java.base/java.lang.Class.forName(Class.java:546)
	at java.base/java.util.ServiceLoader.loadProvider(ServiceLoader.java:854)
	at java.base/java.util.ServiceLoader$ModuleServicesLookupIterator.hasNext(ServiceLoader.java:1078)
	at java.base/java.util.ServiceLoader$2.hasNext(ServiceLoader.java:1301)
	at java.base/java.util.ServiceLoader$3.hasNext(ServiceLoader.java:1386)
	at java.base/sun.util.cldr.CLDRLocaleProviderAdapter$1.run(CLDRLocaleProviderAdapter.java:89)
	at java.base/sun.util.cldr.CLDRLocaleProviderAdapter$1.run(CLDRLocaleProviderAdapter.java:86)
	at java.base/java.security.AccessController.doPrivileged(AccessController.java:554)
	at java.base/sun.util.cldr.CLDRLocaleProviderAdapter.<init>(CLDRLocaleProviderAdapter.java:86)
	at java.base/jdk.internal.reflect.NativeConstructorAccessorImpl.newInstance0(Native Method)
	at java.base/jdk.internal.reflect.NativeConstructorAccessorImpl.newInstance(NativeConstructorAccessorImpl.java:64)
	at java.base/jdk.internal.reflect.DelegatingConstructorAccessorImpl.newInstance(DelegatingConstructorAccessorImpl.java:45)
	at java.base/java.lang.reflect.Constructor.newInstanceWithCaller(Constructor.java:500)
	at java.base/java.lang.reflect.Constructor.newInstance(Constructor.java:481)
	at java.base/sun.util.locale.provider.LocaleProviderAdapter.forType(LocaleProviderAdapter.java:188)
	at java.base/sun.util.locale.provider.LocaleProviderAdapter.findAdapter(LocaleProviderAdapter.java:287)
	at java.base/sun.util.locale.provider.LocaleProviderAdapter.getAdapter(LocaleProviderAdapter.java:258)
	at java.base/java.text.DecimalFormatSymbols.getInstance(DecimalFormatSymbols.java:180)
	at java.base/java.util.Formatter.getZero(Formatter.java:2437)
	at java.base/java.util.Formatter.<init>(Formatter.java:1956)
	at java.base/java.util.Formatter.<init>(Formatter.java:1978)
	at java.base/java.lang.String.format(String.java:3292)
	at org.junit.jupiter.api.AssertionUtils.formatValues(AssertionUtils.java:122)
	at org.junit.jupiter.api.AssertionUtils.format(AssertionUtils.java:112)
	at org.junit.jupiter.api.AssertThrows.assertThrows(AssertThrows.java:64)
	at org.junit.jupiter.api.AssertThrows.assertThrows(AssertThrows.java:37)
	at org.junit.jupiter.api.Assertions.assertThrows(Assertions.java:2952)
	at sets.SetOfNaturalsTest.testAddBadArray(SetOfNaturalsTest.java:54)
	at java.base/jdk.internal.reflect.NativeMethodAccessorImpl.invoke0(Native Method)
	at java.base/jdk.internal.reflect.NativeMethodAccessorImpl.invoke(NativeMethodAccessorImpl.java:64)
	at java.base/jdk.internal.reflect.DelegatingMethodAccessorImpl.invoke(DelegatingMethodAccessorImpl.java:43)
	at java.base/java.lang.reflect.Method.invoke(Method.java:564)
	at org.apache.maven.surefire.junit.PojoTestSet.executeTestMethod(PojoTestSet.java:155)
	at org.apache.maven.surefire.junit.PojoTestSet.executeTestMethods(PojoTestSet.java:106)
	at org.apache.maven.surefire.junit.PojoTestSet.execute(PojoTestSet.java:87)
	at org.apache.maven.surefire.junit.JUnit3Provider.executeTestSet(JUnit3Provider.java:136)
	at org.apache.maven.surefire.junit.JUnit3Provider.invoke(JUnit3Provider.java:109)
	at org.apache.maven.surefire.booter.ForkedBooter.invokeProviderInSameClassLoader(ForkedBooter.java:290)
	at org.apache.maven.surefire.booter.ForkedBooter.runSuitesInProcess(ForkedBooter.java:242)
	at org.apache.maven.surefire.booter.ForkedBooter.main(ForkedBooter.java:121)
Caused by: java.io.IOException: Error while instrumenting sun/util/resources/cldr/provider/CLDRLocaleDataMetaInfo.
	at org.jacoco.agent.rt.internal_035b120.core.instr.Instrumenter.instrumentError(Instrumenter.java:158)
	at org.jacoco.agent.rt.internal_035b120.core.instr.Instrumenter.instrument(Instrumenter.java:108)
	at org.jacoco.agent.rt.internal_035b120.CoverageTransformer.transform(CoverageTransformer.java:91)
	... 50 more
Caused by: java.lang.IllegalArgumentException: Unsupported class file major version 59
	at org.jacoco.agent.rt.internal_035b120.asm.ClassReader.<init>(ClassReader.java:195)
	at org.jacoco.agent.rt.internal_035b120.asm.ClassReader.<init>(ClassReader.java:176)
	at org.jacoco.agent.rt.internal_035b120.asm.ClassReader.<init>(ClassReader.java:162)
	at org.jacoco.agent.rt.internal_035b120.core.internal.instr.InstrSupport.classReaderFor(InstrSupport.java:279)
	at org.jacoco.agent.rt.internal_035b120.core.instr.Instrumenter.instrument(Instrumenter.java:74)
	at org.jacoco.agent.rt.internal_035b120.core.instr.Instrumenter.instrument(Instrumenter.java:106)
	... 51 more
]]></system-err>
  </testcase>
  <testcase name="sets.SetOfNaturalsTest.testIntersectForNoIntersection" classname="sets.SetOfNaturalsTest" time="0">
    <failure message="Cannot invoke &quot;sets.SetOfNaturals.intersects(sets.SetOfNaturals)&quot; because &quot;this.setA&quot; is null" type="java.lang.NullPointerException">java.lang.NullPointerException: Cannot invoke "sets.SetOfNaturals.intersects(sets.SetOfNaturals)" because "this.setA" is null
	at sets.SetOfNaturalsTest.testIntersectForNoIntersection(SetOfNaturalsTest.java:59)
</failure>
  </testcase>
</testsuite>